<?xml version="1.0" encoding="UTF-8"?>
<!-- Generated by org.testng.reporters.JUnitReportReporter -->
<testsuite skipped="0" hostname="SATRALKAR" name="tests.Google" tests="5" failures="0" timestamp="06 Dec 2018 23:28:12 GMT" time="15.121" errors="0">
  <testcase name="testOne" time="4.609" classname="tests.Google"/>
  <testcase name="testOne" time="2.662" classname="tests.Google"/>
  <testcase name="testTwo" time="3.049" classname="tests.Google"/>
  <testcase name="testTwo" time="2.640" classname="tests.Google"/>
  <testcase name="testTwo" time="2.161" classname="tests.Google"/>
</testsuite> <!-- tests.Google -->
